<?xml version="1.0" encoding="UTF-8"?>
<!-- Generated by org.testng.reporters.JUnitXMLReporter -->
<testsuite hostname="Wens-MBP" name="Default test" tests="3" failures="0" timestamp="3 Jun 2016 04:33:05 GMT" time="71.148" errors="0">
  <testcase name="testOrderSubmit" time="27.676" classname="qademo.testng.HomeAwayInterviewTest"/>
  <testcase name="testUpdateOrderQuantity" time="33.307" classname="qademo.testng.HomeAwayInterviewTest"/>
  <testcase name="testRemoveAllItemsFromCart" time="10.151" classname="qademo.testng.HomeAwayInterviewTest"/>
</testsuite> <!-- Default test -->
