<?xml version="1.0" encoding="UTF-8"?>
<testng-results skipped="0" failed="1" total="3" passed="2">
  <reporter-output>
  </reporter-output>
  <suite name="HomeAwayInterviewSuite" duration-ms="99294" started-at="2016-06-02T22:48:33Z" finished-at="2016-06-02T22:50:13Z">
    <groups>
    </groups>
    <test name="HomeAwayInterViewTests" duration-ms="99294" started-at="2016-06-02T22:48:33Z" finished-at="2016-06-02T22:50:13Z">
      <class name="qademo.testng.HomeAwayInterviewTest">
        <test-method status="PASS" signature="testBeforeSuite()[pri:0, instance:qademo.testng.HomeAwayInterviewTest@20d525]" name="testBeforeSuite" is-config="true" duration-ms="2814" started-at="2016-06-02T17:48:31Z" finished-at="2016-06-02T17:48:33Z">
          <reporter-output>
          </reporter-output>
        </test-method> <!-- testBeforeSuite -->
        <test-method status="PASS" signature="setup()[pri:0, instance:qademo.testng.HomeAwayInterviewTest@20d525]" name="setup" is-config="true" duration-ms="0" started-at="2016-06-02T17:48:33Z" finished-at="2016-06-02T17:48:33Z">
          <reporter-output>
          </reporter-output>
        </test-method> <!-- setup -->
        <test-method status="FAIL" signature="testOrderSubmit(java.lang.String, java.lang.String)[pri:1, instance:qademo.testng.HomeAwayInterviewTest@20d525]" name="testOrderSubmit" duration-ms="61110" started-at="2016-06-02T17:48:33Z" description="Testing sumit an order that contains submitting iPhonr4s 16GB SIM-Free Black, Verifying total price" finished-at="2016-06-02T17:49:34Z">
          <params>
            <param index="0">
              <value>
                <![CDATA[testuser22c]]>
              </value>
            </param>
            <param index="1">
              <value>
                <![CDATA[passw0rd1]]>
              </value>
            </param>
          </params>
          <exception class="java.lang.AssertionError">
            <message>
              <![CDATA[TestCase Failed with exceptions :-1 expected [false] but found [true]]]>
            </message>
            <full-stacktrace>
              <![CDATA[java.lang.AssertionError: TestCase Failed with exceptions :-1 expected [false] but found [true]
	at org.testng.Assert.fail(Assert.java:94)
	at org.testng.Assert.failNotEquals(Assert.java:513)
	at org.testng.Assert.assertFalse(Assert.java:63)
	at qademo.testng.HomeAwayInterviewTest.testOrderSubmit(Unknown Source)
	at sun.reflect.NativeMethodAccessorImpl.invoke0(Native Method)
	at sun.reflect.NativeMethodAccessorImpl.invoke(NativeMethodAccessorImpl.java:62)
	at sun.reflect.DelegatingMethodAccessorImpl.invoke(DelegatingMethodAccessorImpl.java:43)
	at java.lang.reflect.Method.invoke(Method.java:498)
	at org.testng.internal.MethodInvocationHelper.invokeMethod(MethodInvocationHelper.java:86)
	at org.testng.internal.Invoker.invokeMethod(Invoker.java:643)
	at org.testng.internal.Invoker.invokeTestMethod(Invoker.java:820)
	at org.testng.internal.Invoker.invokeTestMethods(Invoker.java:1128)
	at org.testng.internal.TestMethodWorker.invokeTestMethods(TestMethodWorker.java:129)
	at org.testng.internal.TestMethodWorker.run(TestMethodWorker.java:112)
	at org.testng.TestRunner.privateRun(TestRunner.java:782)
	at org.testng.TestRunner.run(TestRunner.java:632)
	at org.testng.SuiteRunner.runTest(SuiteRunner.java:366)
	at org.testng.SuiteRunner.runSequentially(SuiteRunner.java:361)
	at org.testng.SuiteRunner.privateRun(SuiteRunner.java:319)
	at org.testng.SuiteRunner.run(SuiteRunner.java:268)
	at org.testng.SuiteRunnerWorker.runSuite(SuiteRunnerWorker.java:52)
	at org.testng.SuiteRunnerWorker.run(SuiteRunnerWorker.java:86)
	at org.testng.TestNG.runSuitesSequentially(TestNG.java:1244)
	at org.testng.TestNG.runSuitesLocally(TestNG.java:1169)
	at org.testng.TestNG.run(TestNG.java:1064)
	at org.testng.TestNG.privateMain(TestNG.java:1385)
	at org.testng.TestNG.main(TestNG.java:1354)
]]>
            </full-stacktrace>
          </exception> <!-- java.lang.AssertionError -->
          <reporter-output>
          </reporter-output>
        </test-method> <!-- testOrderSubmit -->
        <test-method status="PASS" signature="testUpdateOrderQuantity(java.lang.String, java.lang.String)[pri:0, instance:qademo.testng.HomeAwayInterviewTest@20d525]" name="testUpdateOrderQuantity" duration-ms="29385" started-at="2016-06-02T17:49:34Z" description="Testing updated order quantity persistence after logout and login back" depends-on-methods="qademo.testng.HomeAwayInterviewTest.testOrderSubmit" finished-at="2016-06-02T17:50:04Z">
          <params>
            <param index="0">
              <value>
                <![CDATA[testuser22c]]>
              </value>
            </param>
            <param index="1">
              <value>
                <![CDATA[passw0rd1]]>
              </value>
            </param>
          </params>
          <reporter-output>
          </reporter-output>
        </test-method> <!-- testUpdateOrderQuantity -->
        <test-method status="PASS" signature="testRemoveAllItemsFromCart(java.lang.String, java.lang.String)[pri:0, instance:qademo.testng.HomeAwayInterviewTest@20d525]" name="testRemoveAllItemsFromCart" duration-ms="8792" started-at="2016-06-02T17:50:04Z" description="Testing remove items from cart" depends-on-methods="qademo.testng.HomeAwayInterviewTest.testUpdateOrderQuantity" finished-at="2016-06-02T17:50:13Z">
          <params>
            <param index="0">
              <value>
                <![CDATA[testuser22c]]>
              </value>
            </param>
            <param index="1">
              <value>
                <![CDATA[passw0rd1]]>
              </value>
            </param>
          </params>
          <reporter-output>
          </reporter-output>
        </test-method> <!-- testRemoveAllItemsFromCart -->
        <test-method status="PASS" signature="tearDown()[pri:0, instance:qademo.testng.HomeAwayInterviewTest@20d525]" name="tearDown" is-config="true" duration-ms="0" started-at="2016-06-02T17:50:13Z" finished-at="2016-06-02T17:50:13Z">
          <reporter-output>
          </reporter-output>
        </test-method> <!-- tearDown -->
        <test-method status="PASS" signature="testAfterSuite()[pri:0, instance:qademo.testng.HomeAwayInterviewTest@20d525]" name="testAfterSuite" is-config="true" duration-ms="145" started-at="2016-06-02T17:50:14Z" finished-at="2016-06-02T17:50:14Z">
          <reporter-output>
          </reporter-output>
        </test-method> <!-- testAfterSuite -->
      </class> <!-- qademo.testng.HomeAwayInterviewTest -->
    </test> <!-- HomeAwayInterViewTests -->
  </suite> <!-- HomeAwayInterviewSuite -->
</testng-results>
